<?xml version="1.0" encoding="UTF-8"?>
<testng-results skipped="0" failed="0" ignored="0" total="1" passed="1">
  <reporter-output>
  </reporter-output>
  <suite name="Default suite" duration-ms="39978" started-at="2018-07-03T06:19:32Z" finished-at="2018-07-03T06:20:12Z">
    <groups>
    </groups>
    <test name="Default test" duration-ms="39978" started-at="2018-07-03T06:19:32Z" finished-at="2018-07-03T06:20:12Z">
      <class name="com.demo.selenium.seleniumtest1">
        <test-method status="PASS" signature="testgithudlogin()[pri:0, instance:com.demo.selenium.seleniumtest1@224edc67]" name="testgithudlogin" duration-ms="39938" started-at="2018-07-03T06:19:32Z" finished-at="2018-07-03T06:20:12Z">
          <reporter-output>
          </reporter-output>
        </test-method> <!-- testgithudlogin -->
      </class> <!-- com.demo.selenium.seleniumtest1 -->
    </test> <!-- Default test -->
  </suite> <!-- Default suite -->
</testng-results>
